0 info it worked if it ends with ok
1 verbose cli [ '/usr/local/bin/node', '/usr/local/bin/npm', 'start' ]
2 info using npm@3.10.10
3 info using node@v6.11.3
4 verbose run-script [ 'prestart', 'start', 'poststart' ]
5 info lifecycle haber@1.0.0~prestart: haber@1.0.0
6 silly lifecycle haber@1.0.0~prestart: no script for prestart, continuing
7 info lifecycle haber@1.0.0~start: haber@1.0.0
8 verbose lifecycle haber@1.0.0~start: unsafe-perm in lifecycle true
9 verbose lifecycle haber@1.0.0~start: PATH: /usr/local/lib/node_modules/npm/bin/node-gyp-bin:/Users/book/Desktop/haber/node_modules/.bin:/Users/book/.rvm/gems/ruby-2.4.2/bin:/Users/book/.rvm/gems/ruby-2.4.2@global/bin:/Users/book/.rvm/rubies/ruby-2.4.2/bin:/Users/book/.rbenv/shims:/usr/bin:/bin:/usr/sbin:/sbin:/usr/local/bin:/Users/book/.rvm/bin
10 verbose lifecycle haber@1.0.0~start: CWD: /Users/book/Desktop/haber
11 silly lifecycle haber@1.0.0~start: Args: [ '-c',
11 silly lifecycle   'concurrently "cd server && node server.js" cd client && npm start"' ]
12 silly lifecycle haber@1.0.0~start: Returned: code: 2  signal: null
13 info lifecycle haber@1.0.0~start: Failed to exec start script
14 verbose stack Error: haber@1.0.0 start: `concurrently "cd server && node server.js" cd client && npm start"`
14 verbose stack Exit status 2
14 verbose stack     at EventEmitter.<anonymous> (/usr/local/lib/node_modules/npm/lib/utils/lifecycle.js:255:16)
14 verbose stack     at emitTwo (events.js:106:13)
14 verbose stack     at EventEmitter.emit (events.js:191:7)
14 verbose stack     at ChildProcess.<anonymous> (/usr/local/lib/node_modules/npm/lib/utils/spawn.js:40:14)
14 verbose stack     at emitTwo (events.js:106:13)
14 verbose stack     at ChildProcess.emit (events.js:191:7)
14 verbose stack     at maybeClose (internal/child_process.js:920:16)
14 verbose stack     at Process.ChildProcess._handle.onexit (internal/child_process.js:230:5)
15 verbose pkgid haber@1.0.0
16 verbose cwd /Users/book/Desktop/haber
17 error Darwin 17.0.0
18 error argv "/usr/local/bin/node" "/usr/local/bin/npm" "start"
19 error node v6.11.3
20 error npm  v3.10.10
21 error code ELIFECYCLE
22 error haber@1.0.0 start: `concurrently "cd server && node server.js" cd client && npm start"`
22 error Exit status 2
23 error Failed at the haber@1.0.0 start script 'concurrently "cd server && node server.js" cd client && npm start"'.
23 error Make sure you have the latest version of node.js and npm installed.
23 error If you do, this is most likely a problem with the haber package,
23 error not with npm itself.
23 error Tell the author that this fails on your system:
23 error     concurrently "cd server && node server.js" cd client && npm start"
23 error You can get information on how to open an issue for this project with:
23 error     npm bugs haber
23 error Or if that isn't available, you can get their info via:
23 error     npm owner ls haber
23 error There is likely additional logging output above.
24 verbose exit [ 1, true ]
